This file contains any messages produced by compilers while
running configure, to aid debugging if configure makes a mistake.

It was created by appname configure 1.0, which was
generated by GNU Autoconf 2.61.  Invocation command line was

  $ ./configure 

## --------- ##
## Platform. ##
## --------- ##

hostname = bob-zhen
uname -m = i686
uname -r = 2.6.21-1.3194.fc7
uname -s = Linux
uname -v = #1 SMP Wed May 23 22:35:01 EDT 2007

/usr/bin/uname -p = unknown
/bin/uname -X     = unknown

/bin/arch              = i686
/usr/bin/arch -k       = unknown
/usr/convex/getsysinfo = unknown
/usr/bin/hostinfo      = unknown
/bin/machine           = unknown
/usr/bin/oslevel       = unknown
/bin/universe          = unknown

PATH: /usr/lib/qt-3.3/bin
PATH: /usr/kerberos/sbin
PATH: /usr/kerberos/bin
PATH: /usr/lib/ccache
PATH: /opt/EmbedSky/4.3.3/bin/
PATH: /usr/local/sbin
PATH: /usr/local/bin
PATH: /sbin
PATH: /bin
PATH: /usr/sbin
PATH: /usr/bin
PATH: /root/bin


## ----------- ##
## Core tests. ##
## ----------- ##

configure:1774: checking for a BSD-compatible install
configure:1830: result: /usr/bin/install -c
configure:1841: checking whether build environment is sane
configure:1884: result: yes
configure:1912: checking for a thread-safe mkdir -p
configure:1951: result: /bin/mkdir -p
configure:1964: checking for gawk
configure:1980: found /bin/gawk
configure:1991: result: gawk
configure:2002: checking whether make sets $(MAKE)
configure:2023: result: yes
configure:2266: checking for gcc
configure:2282: found /usr/lib/ccache/gcc
configure:2293: result: gcc
configure:2531: checking for C compiler version
configure:2538: gcc --version >&5
gcc (GCC) 4.1.2 20070502 (Red Hat 4.1.2-12)
Copyright (C) 2006 Free Software Foundation, Inc.
This is free software; see the source for copying conditions.  There is NO
warranty; not even for MERCHANTABILITY or FITNESS FOR A PARTICULAR PURPOSE.

configure:2541: $? = 0
configure:2548: gcc -v >&5
Using built-in specs.
Target: i386-redhat-linux
Configured with: ../configure --prefix=/usr --mandir=/usr/share/man --infodir=/usr/share/info --enable-shared --enable-threads=posix --enable-checking=release --with-system-zlib --enable-__cxa_atexit --disable-libunwind-exceptions --enable-languages=c,c++,objc,obj-c++,java,fortran,ada --enable-java-awt=gtk --disable-dssi --enable-plugin --with-java-home=/usr/lib/jvm/java-1.5.0-gcj-1.5.0.0/jre --enable-libgcj-multifile --enable-java-maintainer-mode --with-ecj-jar=/usr/share/java/eclipse-ecj.jar --with-cpu=generic --host=i386-redhat-linux
Thread model: posix
gcc version 4.1.2 20070502 (Red Hat 4.1.2-12)
configure:2551: $? = 0
configure:2558: gcc -V >&5
gcc: '-V' option must have argument
configure:2561: $? = 1
configure:2584: checking for C compiler default output file name
configure:2611: gcc    conftest.c  >&5
configure:2614: $? = 0
configure:2652: result: a.out
configure:2669: checking whether the C compiler works
configure:2679: ./a.out
configure:2682: $? = 0
configure:2699: result: yes
configure:2706: checking whether we are cross compiling
configure:2708: result: no
configure:2711: checking for suffix of executables
configure:2718: gcc -o conftest    conftest.c  >&5
configure:2721: $? = 0
configure:2745: result: 
configure:2751: checking for suffix of object files
configure:2777: gcc -c   conftest.c >&5
configure:2780: $? = 0
configure:2803: result: o
configure:2807: checking whether we are using the GNU C compiler
configure:2836: gcc -c   conftest.c >&5
configure:2842: $? = 0
configure:2859: result: yes
configure:2864: checking whether gcc accepts -g
configure:2894: gcc -c -g  conftest.c >&5
configure:2900: $? = 0
configure:2999: result: yes
configure:3016: checking for gcc option to accept ISO C89
configure:3090: gcc  -c -g -O2  conftest.c >&5
configure:3096: $? = 0
configure:3119: result: none needed
configure:3148: checking for style of include used by make
configure:3176: result: GNU
configure:3201: checking dependency style of gcc
configure:3292: result: gcc3
configure:3317: checking how to run the C preprocessor
configure:3357: gcc -E  conftest.c
configure:3363: $? = 0
configure:3394: gcc -E  conftest.c
conftest.c:10:28: error: ac_nonexistent.h: No such file or directory
configure:3400: $? = 1
configure: failed program was:
| /* confdefs.h.  */
| #define PACKAGE_NAME "appname"
| #define PACKAGE_TARNAME "appname"
| #define PACKAGE_VERSION "1.0"
| #define PACKAGE_STRING "appname 1.0"
| #define PACKAGE_BUGREPORT "wxjlmr@126.com"
| #define PACKAGE "appname"
| #define VERSION "1.0"
| /* end confdefs.h.  */
| #include <ac_nonexistent.h>
configure:3433: result: gcc -E
configure:3462: gcc -E  conftest.c
configure:3468: $? = 0
configure:3499: gcc -E  conftest.c
conftest.c:10:28: error: ac_nonexistent.h: No such file or directory
configure:3505: $? = 1
configure: failed program was:
| /* confdefs.h.  */
| #define PACKAGE_NAME "appname"
| #define PACKAGE_TARNAME "appname"
| #define PACKAGE_VERSION "1.0"
| #define PACKAGE_STRING "appname 1.0"
| #define PACKAGE_BUGREPORT "wxjlmr@126.com"
| #define PACKAGE "appname"
| #define VERSION "1.0"
| /* end confdefs.h.  */
| #include <ac_nonexistent.h>
configure:3543: checking for grep that handles long lines and -e
configure:3617: result: /bin/grep
configure:3622: checking for egrep
configure:3700: result: /bin/grep -E
configure:3705: checking for ANSI C header files
configure:3735: gcc -c -g -O2  conftest.c >&5
configure:3741: $? = 0
configure:3840: gcc -o conftest -g -O2   conftest.c  >&5
configure:3843: $? = 0
configure:3849: ./conftest
configure:3852: $? = 0
configure:3869: result: yes
configure:3893: checking for sys/types.h
configure:3914: gcc -c -g -O2  conftest.c >&5
configure:3920: $? = 0
configure:3936: result: yes
configure:3893: checking for sys/stat.h
configure:3914: gcc -c -g -O2  conftest.c >&5
configure:3920: $? = 0
configure:3936: result: yes
configure:3893: checking for stdlib.h
configure:3914: gcc -c -g -O2  conftest.c >&5
configure:3920: $? = 0
configure:3936: result: yes
configure:3893: checking for string.h
configure:3914: gcc -c -g -O2  conftest.c >&5
configure:3920: $? = 0
configure:3936: result: yes
configure:3893: checking for memory.h
configure:3914: gcc -c -g -O2  conftest.c >&5
configure:3920: $? = 0
configure:3936: result: yes
configure:3893: checking for strings.h
configure:3914: gcc -c -g -O2  conftest.c >&5
configure:3920: $? = 0
configure:3936: result: yes
configure:3893: checking for inttypes.h
configure:3914: gcc -c -g -O2  conftest.c >&5
configure:3920: $? = 0
configure:3936: result: yes
configure:3893: checking for stdint.h
configure:3914: gcc -c -g -O2  conftest.c >&5
configure:3920: $? = 0
configure:3936: result: yes
configure:3893: checking for unistd.h
configure:3914: gcc -c -g -O2  conftest.c >&5
configure:3920: $? = 0
configure:3936: result: yes
configure:3955: checking for stdlib.h
configure:3961: result: yes
configure:3955: checking for string.h
configure:3961: result: yes
configure:3955: checking for unistd.h
configure:3961: result: yes
configure:4215: creating ./config.status

## ---------------------- ##
## Running config.status. ##
## ---------------------- ##

This file was extended by appname config.status 1.0, which was
generated by GNU Autoconf 2.61.  Invocation command line was

  CONFIG_FILES    = 
  CONFIG_HEADERS  = 
  CONFIG_LINKS    = 
  CONFIG_COMMANDS = 
  $ ./config.status 

on bob-zhen

config.status:635: creating Makefile
config.status:635: creating config.h
config.status:864: config.h is unchanged
config.status:910: executing depfiles commands

## ---------------- ##
## Cache variables. ##
## ---------------- ##

ac_cv_c_compiler_gnu=yes
ac_cv_env_CC_set=
ac_cv_env_CC_value=
ac_cv_env_CFLAGS_set=
ac_cv_env_CFLAGS_value=
ac_cv_env_CPPFLAGS_set=
ac_cv_env_CPPFLAGS_value=
ac_cv_env_CPP_set=
ac_cv_env_CPP_value=
ac_cv_env_LDFLAGS_set=
ac_cv_env_LDFLAGS_value=
ac_cv_env_LIBS_set=
ac_cv_env_LIBS_value=
ac_cv_env_build_alias_set=
ac_cv_env_build_alias_value=
ac_cv_env_host_alias_set=
ac_cv_env_host_alias_value=
ac_cv_env_target_alias_set=
ac_cv_env_target_alias_value=
ac_cv_header_inttypes_h=yes
ac_cv_header_memory_h=yes
ac_cv_header_stdc=yes
ac_cv_header_stdint_h=yes
ac_cv_header_stdlib_h=yes
ac_cv_header_string_h=yes
ac_cv_header_strings_h=yes
ac_cv_header_sys_stat_h=yes
ac_cv_header_sys_types_h=yes
ac_cv_header_unistd_h=yes
ac_cv_objext=o
ac_cv_path_EGREP='/bin/grep -E'
ac_cv_path_GREP=/bin/grep
ac_cv_path_install='/usr/bin/install -c'
ac_cv_path_mkdir=/bin/mkdir
ac_cv_prog_AWK=gawk
ac_cv_prog_CPP='gcc -E'
ac_cv_prog_ac_ct_CC=gcc
ac_cv_prog_cc_c89=
ac_cv_prog_cc_g=yes
ac_cv_prog_make_make_set=yes
am_cv_CC_dependencies_compiler_type=gcc3

## ----------------- ##
## Output variables. ##
## ----------------- ##

ACLOCAL='${SHELL} /home/work/autotools/missing --run aclocal-1.10'
AMDEPBACKSLASH='\'
AMDEP_FALSE='#'
AMDEP_TRUE=''
AMTAR='${SHELL} /home/work/autotools/missing --run tar'
AUTOCONF='${SHELL} /home/work/autotools/missing --run autoconf'
AUTOHEADER='${SHELL} /home/work/autotools/missing --run autoheader'
AUTOMAKE='${SHELL} /home/work/autotools/missing --run automake-1.10'
AWK='gawk'
CC='gcc'
CCDEPMODE='depmode=gcc3'
CFLAGS='-g -O2'
CPP='gcc -E'
CPPFLAGS=''
CYGPATH_W='echo'
DEFS='-DHAVE_CONFIG_H'
DEPDIR='.deps'
ECHO_C=''
ECHO_N='-n'
ECHO_T=''
EGREP='/bin/grep -E'
EXEEXT=''
GREP='/bin/grep'
INSTALL_DATA='${INSTALL} -m 644'
INSTALL_PROGRAM='${INSTALL}'
INSTALL_SCRIPT='${INSTALL}'
INSTALL_STRIP_PROGRAM='$(install_sh) -c -s'
LDFLAGS=''
LIBOBJS=''
LIBS=''
LTLIBOBJS=''
MAKEINFO='${SHELL} /home/work/autotools/missing --run makeinfo'
OBJEXT='o'
PACKAGE='appname'
PACKAGE_BUGREPORT='wxjlmr@126.com'
PACKAGE_NAME='appname'
PACKAGE_STRING='appname 1.0'
PACKAGE_TARNAME='appname'
PACKAGE_VERSION='1.0'
PATH_SEPARATOR=':'
SET_MAKE=''
SHELL='/bin/sh'
STRIP=''
VERSION='1.0'
ac_ct_CC='gcc'
am__fastdepCC_FALSE='#'
am__fastdepCC_TRUE=''
am__include='include'
am__isrc=''
am__leading_dot='.'
am__quote=''
am__tar='${AMTAR} chof - "$$tardir"'
am__untar='${AMTAR} xf -'
bindir='${exec_prefix}/bin'
build_alias=''
datadir='${datarootdir}'
datarootdir='${prefix}/share'
docdir='${datarootdir}/doc/${PACKAGE_TARNAME}'
dvidir='${docdir}'
exec_prefix='${prefix}'
host_alias=''
htmldir='${docdir}'
includedir='${prefix}/include'
infodir='${datarootdir}/info'
install_sh='$(SHELL) /home/work/autotools/install-sh'
libdir='${exec_prefix}/lib'
libexecdir='${exec_prefix}/libexec'
localedir='${datarootdir}/locale'
localstatedir='${prefix}/var'
mandir='${datarootdir}/man'
mkdir_p='/bin/mkdir -p'
oldincludedir='/usr/include'
pdfdir='${docdir}'
prefix='/usr/local'
program_transform_name='s,x,x,'
psdir='${docdir}'
sbindir='${exec_prefix}/sbin'
sharedstatedir='${prefix}/com'
sysconfdir='${prefix}/etc'
target_alias=''

## ----------- ##
## confdefs.h. ##
## ----------- ##

#define PACKAGE_NAME "appname"
#define PACKAGE_TARNAME "appname"
#define PACKAGE_VERSION "1.0"
#define PACKAGE_STRING "appname 1.0"
#define PACKAGE_BUGREPORT "wxjlmr@126.com"
#define PACKAGE "appname"
#define VERSION "1.0"
#define STDC_HEADERS 1
#define HAVE_SYS_TYPES_H 1
#define HAVE_SYS_STAT_H 1
#define HAVE_STDLIB_H 1
#define HAVE_STRING_H 1
#define HAVE_MEMORY_H 1
#define HAVE_STRINGS_H 1
#define HAVE_INTTYPES_H 1
#define HAVE_STDINT_H 1
#define HAVE_UNISTD_H 1
#define HAVE_STDLIB_H 1
#define HAVE_STRING_H 1
#define HAVE_UNISTD_H 1

configure: exit 0
